[debug] [2022-03-25T08:00:59.950Z] ----------------------------------------------------------------------
[debug] [2022-03-25T08:00:59.952Z] Command:       C:\Program Files\nodejs\node.exe C:\Users\DELL\AppData\Roaming\npm\node_modules\firebase-tools\lib\bin\firebase.js init
[debug] [2022-03-25T08:00:59.952Z] CLI Version:   10.5.0
[debug] [2022-03-25T08:00:59.952Z] Platform:      win32
[debug] [2022-03-25T08:00:59.952Z] Node Version:  v16.14.0
[debug] [2022-03-25T08:00:59.953Z] Time:          Fri Mar 25 2022 13:30:59 GMT+0530 (India Standard Time)
[debug] [2022-03-25T08:00:59.953Z] ----------------------------------------------------------------------
[debug] 
[debug] [2022-03-25T08:00:59.958Z] > command requires scopes: ["email","openid","https://www.googleapis.com/auth/cloudplatformprojects.readonly","https://www.googleapis.com/auth/firebase","https://www.googleapis.com/auth/cloud-platform"]
[debug] [2022-03-25T08:00:59.959Z] > authorizing via signed-in user (pharinathreddy2001@gmail.com)
[info] 
     ######## #### ########  ######## ########     ###     ######  ########
     ##        ##  ##     ## ##       ##     ##  ##   ##  ##       ##
     ######    ##  ########  ######   ########  #########  ######  ######
     ##        ##  ##    ##  ##       ##     ## ##     ##       ## ##
     ##       #### ##     ## ######## ########  ##     ##  ######  ########

You're about to initialize a Firebase project in this directory:

  D:\rkfinal\rk1

[info] 
=== Project Setup
[info] 
[info] First, let's associate this project directory with a Firebase project.
[info] You can create multiple project aliases by running firebase use --add, 
[info] but for now we'll just set up a default project.
[info] 
[debug] [2022-03-25T08:02:03.354Z] >>> [apiv2][query] GET https://firebase.googleapis.com/v1beta1/projects pageSize=100
[debug] [2022-03-25T08:02:04.260Z] <<< [apiv2][status] GET https://firebase.googleapis.com/v1beta1/projects 200
[debug] [2022-03-25T08:02:04.260Z] <<< [apiv2][body] GET https://firebase.googleapis.com/v1beta1/projects [omitted]
[info] i  Using project joining-faculty (joining-faculty) 
[info] 
=== Database Setup
[info] i  database: ensuring required API firebasedatabase.googleapis.com is enabled... 
[debug] [2022-03-25T08:02:11.116Z] >>> [apiv2][query] GET https://serviceusage.googleapis.com/v1/projects/joining-faculty/services/firebasedatabase.googleapis.com [none]
[debug] [2022-03-25T08:02:13.769Z] <<< [apiv2][status] GET https://serviceusage.googleapis.com/v1/projects/joining-faculty/services/firebasedatabase.googleapis.com 200
[debug] [2022-03-25T08:02:13.770Z] <<< [apiv2][body] GET https://serviceusage.googleapis.com/v1/projects/joining-faculty/services/firebasedatabase.googleapis.com {"name":"projects/822204762371/services/firebasedatabase.googleapis.com","config":{"name":"firebasedatabase.googleapis.com","title":"Firebase Realtime Database Management API","apis":[{"name":"google.firebase.database.v1beta.RealtimeDatabaseService","methods":[{"name":"CreateDatabaseInstance"},{"name":"GetDatabaseInstance"},{"name":"ListDatabaseInstances"},{"name":"DeleteDatabaseInstance"},{"name":"DisableDatabaseInstance"},{"name":"ReenableDatabaseInstance"}],"version":"v1beta"},{"name":"google.discovery.Discovery","methods":[{"name":"GetDiscovery"},{"name":"GetDiscoveryRest"}],"version":"v1"}],"documentation":{"summary":"The Firebase Realtime Database Management API enables programmatic provisioning and management of Realtime Database instances."},"quota":{"limits":[{"name":"ReadsPerMinutePerProject","metric":"firebasedatabase.googleapis.com/metadata/read_requests","unit":"1/min/{project}","values":{"DEFAULT":"600"}},{"name":"ReadsPerMinutePerProjectPerUser","metric":"firebasedatabase.googleapis.com/metadata/read_requests","unit":"1/min/{project}/{user}","values":{"DEFAULT":"300"}},{"name":"ReadsPerMinutePerOrganization","metric":"firebasedatabase.googleapis.com/metadata/read_requests","unit":"1/min/{organization}","values":{"DEFAULT":"1200"}},{"name":"WritesPerMinutePerProject","metric":"firebasedatabase.googleapis.com/metadata/write_requests","unit":"1/min/{project}","values":{"DEFAULT":"120"}},{"name":"WritesPerMinutePerProjectPerUser","metric":"firebasedatabase.googleapis.com/metadata/write_requests","unit":"1/min/{project}/{user}","values":{"DEFAULT":"100"}},{"name":"WritesPerMinutePerOrganization","metric":"firebasedatabase.googleapis.com/metadata/write_requests","unit":"1/min/{organization}","values":{"DEFAULT":"300"}},{"name":"CreatesPerMinutePerProject","metric":"firebasedatabase.googleapis.com/metadata/create_requests","unit":"1/min/{project}","values":{"DEFAULT":"100"}},{"name":"CreatesPerMinutePerProjectPerUser","metric":"firebasedatabase.googleapis.com/metadata/create_requests","unit":"1/min/{project}/{user}","values":{"DEFAULT":"100"}},{"name":"CreatesPerMinutePerOrganization","metric":"firebasedatabase.googleapis.com/metadata/create_requests","unit":"1/min/{organization}","values":{"DEFAULT":"100"}}]},"authentication":{"rules":[{"oauth":{"canonicalScopes":"https://www.googleapis.com/auth/cloud-platform,\nhttps://www.googleapis.com/auth/firebase,"}},{"oauth":{"canonicalScopes":"https://www.googleapis.com/auth/cloud-platform,\nhttps://www.googleapis.com/auth/cloud-platform.read-only,\nhttps://www.googleapis.com/auth/firebase,\nhttps://www.googleapis.com/auth/firebase.readonly"}},{"oauth":{"canonicalScopes":"https://www.googleapis.com/auth/cloud-platform,\nhttps://www.googleapis.com/auth/cloud-platform.read-only,\nhttps://www.googleapis.com/auth/firebase,\nhttps://www.googleapis.com/auth/firebase.readonly"}},{"oauth":{"canonicalScopes":"https://www.googleapis.com/auth/cloud-platform,\nhttps://www.googleapis.com/auth/firebase,"}},{"oauth":{"canonicalScopes":"https://www.googleapis.com/auth/cloud-platform,\nhttps://www.googleapis.com/auth/firebase,"}},{"oauth":{"canonicalScopes":"https://www.googleapis.com/auth/cloud-platform,\nhttps://www.googleapis.com/auth/firebase,"}},{"oauth":{"canonicalScopes":"https://www.googleapis.com/auth/cloud-platform,\nhttps://www.googleapis.com/auth/firebase,"}}]},"usage":{"requirements":["serviceusage.googleapis.com/tos/universal"]},"endpoints":[{"name":"firebasedatabase.googleapis.com"},{"name":"firebasedatabase.clients6.google.com"},{"name":"content-firebasedatabase.googleapis.com"}],"monitoredResources":[{"type":"firebase_namespace","displayName":"Firebase Realtime Database","description":"A Firebase Realtime Database.","labels":[{"key":"project_id","description":"The identifier of the GCP project associated with this resource, such as \"my-project\"."},{"key":"table_name","description":"The name of the database."},{"key":"location","description":"The location of the database."}],"launchStage":"GA"},{"type":"firebasedatabase.googleapis.com/table","labels":[{"key":"firebasedatabase.googleapis.com/table_name"},{"key":"cloud.googleapis.com/location"},{"key":"cloud.googleapis.com/project"},{"key":"cloud.googleapis.com/uid"}]},{"type":"serviceruntime.googleapis.com/api","labels":[{"key":"cloud.googleapis.com/location"},{"key":"cloud.googleapis.com/uid"},{"key":"serviceruntime.googleapis.com/api_version"},{"key":"serviceruntime.googleapis.com/api_method"},{"key":"serviceruntime.googleapis.com/consumer_project"},{"key":"cloud.googleapis.com/project"},{"key":"cloud.googleapis.com/service"}]},{"type":"serviceruntime.googleapis.com/consumer_quota","labels":[{"key":"cloud.googleapis.com/location"},{"key":"cloud.googleapis.com/uid"},{"key":"cloud.googleapis.com/service"},{"key":"cloud.googleapis.com/resource_id"},{"key":"cloud.googleapis.com/resource_node"},{"key":"cloud.googleapis.com/quota_metric"},{"key":"cloud.googleapis.com/quota_location"}]},{"type":"serviceruntime.googleapis.com/producer_quota","labels":[{"key":"cloud.googleapis.com/location"},{"key":"cloud.googleapis.com/uid"},{"key":"cloud.googleapis.com/service"},{"key":"cloud.googleapis.com/resource_id"},{"key":"cloud.googleapis.com/resource_node"},{"key":"cloud.googleapis.com/consumer_resource_node"},{"key":"cloud.googleapis.com/quota_metric"},{"key":"cloud.googleapis.com/quota_location"}]}],"monitoring":{"consumerDestinations":[{"monitoredResource":"firebase_namespace","metrics":["firebasedatabase.googleapis.com/storage/total_bytes","firebasedatabase.googleapis.com/storage/limit","firebasedatabase.googleapis.com/storage/disabled_for_overages","firebasedatabase.googleapis.com/network/monthly_sent","firebasedatabase.googleapis.com/network/monthly_sent_limit","firebasedatabase.googleapis.com/network/active_connections","firebasedatabase.googleapis.com/network/disabled_for_overages","firebasedatabase.googleapis.com/io/utilization","firebasedatabase.googleapis.com/io/database_load","firebasedatabase.googleapis.com/network/broadcast_load"]},{"monitoredResource":"firebase_namespace","metrics":["firebasedatabase.googleapis.com/network/sent_bytes_count","firebasedatabase.googleapis.com/network/api_hits_count","firebasedatabase.googleapis.com/network/https_requests_count","firebasedatabase.googleapis.com/io/persisted_bytes_count","firebasedatabase.googleapis.com/io/sent_responses_count","firebasedatabase.googleapis.com/network/sent_payload_and_protocol_bytes_count","firebasedatabase.googleapis.com/network/sent_payload_bytes_count","firebasedatabase.googleapis.com/rules/evaluation_count"]},{"monitoredResource":"firebasedatabase.googleapis.com/table","metrics":["firebasedatabase.googleapis.com/network/operations_count"]},{"monitoredResource":"serviceruntime.googleapis.com/api","metrics":["serviceruntime.googleapis.com/api/consumer/quota_used_count","serviceruntime.googleapis.com/api/consumer/quota_refund_count","serviceruntime.googleapis.com/quota/used","serviceruntime.googleapis.com/quota/limit","serviceruntime.googleapis.com/quota/exceeded","serviceruntime.googleapis.com/allocation/consumer/quota_used_count"]},{"monitoredResource":"serviceruntime.googleapis.com/consumer_quota","metrics":["serviceruntime.googleapis.com/quota/rate/consumer/used_count","serviceruntime.googleapis.com/quota/rate/consumer/refund_count","serviceruntime.googleapis.com/quota/allocation/consumer/usage","serviceruntime.googleapis.com/quota/consumer/limit","serviceruntime.googleapis.com/quota/consumer/exceeded"]}]}},"state":"ENABLED","parent":"projects/822204762371"}
[info] +  database: required API firebasedatabase.googleapis.com is enabled 
[info] 
[debug] [2022-03-25T08:02:13.773Z] > refreshing access token with scopes: ["email","https://www.googleapis.com/auth/cloud-platform","https://www.googleapis.com/auth/cloudplatformprojects.readonly","https://www.googleapis.com/auth/firebase","openid"]
[debug] [2022-03-25T08:02:13.773Z] >>> HTTP REQUEST POST https://www.googleapis.com/oauth2/v3/token  
 <request body omitted>
[debug] [2022-03-25T08:02:14.103Z] <<< HTTP RESPONSE 200 {"cache-control":"no-cache, no-store, max-age=0, must-revalidate","pragma":"no-cache","date":"Fri, 25 Mar 2022 08:02:13 GMT","expires":"Mon, 01 Jan 1990 00:00:00 GMT","content-type":"application/json; charset=utf-8","vary":"X-Origin, Referer, Origin,Accept-Encoding","server":"scaffolding on HTTPServer2","x-xss-protection":"0","x-frame-options":"SAMEORIGIN","x-content-type-options":"nosniff","alt-svc":"h3=\":443\"; ma=2592000,h3-29=\":443\"; ma=2592000,h3-Q050=\":443\"; ma=2592000,h3-Q046=\":443\"; ma=2592000,h3-Q043=\":443\"; ma=2592000,quic=\":443\"; ma=2592000; v=\"46,43\"","accept-ranges":"none","transfer-encoding":"chunked"}
[debug] [2022-03-25T08:02:14.115Z] >>> HTTP REQUEST GET https://firebasedatabase.googleapis.com/v1beta/projects/joining-faculty/locations/-/instances/joining-faculty-default-rtdb  
 
[debug] [2022-03-25T08:02:15.812Z] <<< HTTP RESPONSE 200 {"content-type":"application/json; charset=UTF-8","vary":"X-Origin, Referer, Origin,Accept-Encoding","date":"Fri, 25 Mar 2022 08:02:15 GMT","server":"ESF","cache-control":"private","x-xss-protection":"0","x-frame-options":"SAMEORIGIN","x-content-type-options":"nosniff","alt-svc":"h3=\":443\"; ma=2592000,h3-29=\":443\"; ma=2592000,h3-Q050=\":443\"; ma=2592000,h3-Q046=\":443\"; ma=2592000,h3-Q043=\":443\"; ma=2592000,quic=\":443\"; ma=2592000; v=\"46,43\"","accept-ranges":"none","transfer-encoding":"chunked"}
[info] 
[info] Firebase Realtime Database Security Rules allow you to define how your data should be
[info] structured and when your data can be read from and written to.
[info] 
[debug] [2022-03-25T08:02:23.400Z] >>> HTTP REQUEST GET https://joining-faculty-default-rtdb.firebaseio.com/.settings/rules.json  
 
[debug] [2022-03-25T08:02:25.353Z] <<< HTTP RESPONSE 200 {"server":"nginx","date":"Fri, 25 Mar 2022 08:02:24 GMT","content-type":"application/json; charset=utf-8","content-length":"121","connection":"keep-alive","access-control-allow-origin":"*","cache-control":"no-cache","strict-transport-security":"max-age=31556926; includeSubDomains; preload"}
[info] +  Database Rules for joining-faculty-default-rtdb have been written to database.rules.json. 
[info] Future modifications to database.rules.json will update Realtime Database Security Rules when you run
[info] firebase deploy.
[info] 
=== Hosting Setup
[info] 
[info] Your public directory is the folder (relative to your project directory) that
[info] will contain Hosting assets to be uploaded with firebase deploy. If you
[info] have a build process for your assets, use your build's output directory.
[info] 
[debug] [2022-03-25T08:02:55.076Z] ----------------------------------------------------------------------
[debug] [2022-03-25T08:02:55.077Z] Command:       C:\Program Files\nodejs\node.exe C:\Users\DELL\AppData\Roaming\npm\node_modules\firebase-tools\lib\bin\firebase.js init
[debug] [2022-03-25T08:02:55.078Z] CLI Version:   10.5.0
[debug] [2022-03-25T08:02:55.078Z] Platform:      win32
[debug] [2022-03-25T08:02:55.078Z] Node Version:  v16.14.0
[debug] [2022-03-25T08:02:55.079Z] Time:          Fri Mar 25 2022 13:32:55 GMT+0530 (India Standard Time)
[debug] [2022-03-25T08:02:55.079Z] ----------------------------------------------------------------------
[debug] 
[debug] [2022-03-25T08:02:55.084Z] > command requires scopes: ["email","openid","https://www.googleapis.com/auth/cloudplatformprojects.readonly","https://www.googleapis.com/auth/firebase","https://www.googleapis.com/auth/cloud-platform"]
[debug] [2022-03-25T08:02:55.085Z] > authorizing via signed-in user (pharinathreddy2001@gmail.com)
[info] 
     ######## #### ########  ######## ########     ###     ######  ########
     ##        ##  ##     ## ##       ##     ##  ##   ##  ##       ##
     ######    ##  ########  ######   ########  #########  ######  ######
     ##        ##  ##    ##  ##       ##     ## ##     ##       ## ##
     ##       #### ##     ## ######## ########  ##     ##  ######  ########

You're about to initialize a Firebase project in this directory:

  D:\rkfinal\rk1

[info] 
=== Project Setup
[info] 
[info] First, let's associate this project directory with a Firebase project.
[info] You can create multiple project aliases by running firebase use --add, 
[info] but for now we'll just set up a default project.
[info] 
[debug] [2022-03-25T08:03:06.286Z] > refreshing access token with scopes: []
[debug] [2022-03-25T08:03:06.286Z] >>> HTTP REQUEST POST https://www.googleapis.com/oauth2/v3/token  
 <request body omitted>
[debug] [2022-03-25T08:03:06.627Z] <<< HTTP RESPONSE 200 {"date":"Fri, 25 Mar 2022 08:03:06 GMT","pragma":"no-cache","cache-control":"no-cache, no-store, max-age=0, must-revalidate","expires":"Mon, 01 Jan 1990 00:00:00 GMT","content-type":"application/json; charset=utf-8","vary":"X-Origin, Referer, Origin,Accept-Encoding","server":"scaffolding on HTTPServer2","x-xss-protection":"0","x-frame-options":"SAMEORIGIN","x-content-type-options":"nosniff","alt-svc":"h3=\":443\"; ma=2592000,h3-29=\":443\"; ma=2592000,h3-Q050=\":443\"; ma=2592000,h3-Q046=\":443\"; ma=2592000,h3-Q043=\":443\"; ma=2592000,quic=\":443\"; ma=2592000; v=\"46,43\"","accept-ranges":"none","transfer-encoding":"chunked"}
[debug] [2022-03-25T08:03:06.639Z] >>> [apiv2][query] GET https://firebase.googleapis.com/v1beta1/projects pageSize=100
[debug] [2022-03-25T08:03:07.739Z] <<< [apiv2][status] GET https://firebase.googleapis.com/v1beta1/projects 200
[debug] [2022-03-25T08:03:07.739Z] <<< [apiv2][body] GET https://firebase.googleapis.com/v1beta1/projects [omitted]
[info] i  Using project quarters-b9975 (quarters) 
[info] 
=== Hosting Setup
[info] 
[info] Your public directory is the folder (relative to your project directory) that
[info] will contain Hosting assets to be uploaded with firebase deploy. If you
[info] have a build process for your assets, use your build's output directory.
[info] 
